15:22:24: Creating resource group General
15:22:24: Creating resource group Internal
15:22:24: Creating resource group Autodetect
15:22:24: SceneManagerFactory for type 'DefaultSceneManager' registered.
15:22:24: Registering ResourceManager for type Material
15:22:24: Registering ResourceManager for type Mesh
15:22:24: Registering ResourceManager for type Skeleton
15:22:24: MovableObjectFactory for type 'ParticleSystem' registered.
15:22:24: OverlayElementFactory for type Panel registered.
15:22:24: OverlayElementFactory for type BorderPanel registered.
15:22:24: OverlayElementFactory for type TextArea registered.
15:22:24: Registering ResourceManager for type Font
15:22:24: ArchiveFactory for archive type FileSystem registered.
15:22:24: ArchiveFactory for archive type Zip registered.
15:22:24: DDS codec registering
15:22:24: FreeImage version: 3.10.0
15:22:24: This program uses FreeImage, a free, open source image library supporting all common bitmap formats. See http://freeimage.sourceforge.net for details
15:22:24: Supported formats: bmp,ico,jpg,jif,jpeg,jpe,jng,koa,iff,lbm,mng,pbm,pbm,pcd,pcx,pgm,pgm,png,ppm,ppm,ras,tga,targa,tif,tiff,wap,wbmp,wbm,psd,cut,xbm,xpm,gif,hdr,g3,sgi,exr,j2k,j2c,jp2
15:22:24: Registering ResourceManager for type HighLevelGpuProgram
15:22:24: Registering ResourceManager for type Compositor
15:22:24: MovableObjectFactory for type 'Entity' registered.
15:22:24: MovableObjectFactory for type 'Light' registered.
15:22:24: MovableObjectFactory for type 'BillboardSet' registered.
15:22:24: MovableObjectFactory for type 'ManualObject' registered.
15:22:24: MovableObjectFactory for type 'BillboardChain' registered.
15:22:24: MovableObjectFactory for type 'RibbonTrail' registered.
15:22:24: Loading library /usr/local/lib/OGRE/RenderSystem_GL.so
15:22:24: Installing plugin: GL RenderSystem
15:22:24: OpenGL Rendering Subsystem created.
